<?xml version="1.0" encoding="UTF-8"?>
<!-- Generated by org.testng.reporters.JUnitXMLReporter -->
<testsuite hostname="DESKTOP-DB8A208" failures="0" tests="10" name="Default test" time="129.919" errors="0" timestamp="27 Sep 2021 12:35:03 GMT">
  <testcase classname="com.urbanladder.runner.runner" name="runScenario" time="21.94"/>
  <testcase classname="com.urbanladder.runner.runner" name="runScenario" time="1.968"/>
  <testcase classname="com.urbanladder.runner.runner" name="runScenario" time="16.107"/>
  <testcase classname="com.urbanladder.runner.runner" name="runScenario" time="14.814"/>
  <testcase classname="com.urbanladder.runner.runner" name="runScenario" time="15.43"/>
  <testcase classname="com.urbanladder.runner.runner" name="runScenario" time="17.135"/>
  <testcase classname="com.urbanladder.runner.runner" name="runScenario" time="14.565"/>
  <testcase classname="com.urbanladder.runner.runner" name="runScenario" time="14.041"/>
  <testcase classname="com.urbanladder.runner.runner" name="runScenario" time="11.471"/>
  <testcase classname="com.urbanladder.runner.runner" name="runScenario" time="1.935"/>
</testsuite> <!-- Default test -->
