<?xml version="1.0" encoding="UTF-8"?>
<!-- Generated by org.testng.reporters.JUnitXMLReporter -->
<testsuite hostname="DESKTOP-DB8A208" failures="0" tests="10" name="Test" time="87.478" errors="0" timestamp="27 Sep 2021 12:26:13 GMT">
  <testcase classname="com.urbanladder.runner.runner" name="runScenario" time="16.651"/>
  <testcase classname="com.urbanladder.runner.runner" name="runScenario" time="2.009"/>
  <testcase classname="com.urbanladder.runner.runner" name="runScenario" time="10.446"/>
  <testcase classname="com.urbanladder.runner.runner" name="runScenario" time="8.668"/>
  <testcase classname="com.urbanladder.runner.runner" name="runScenario" time="8.945"/>
  <testcase classname="com.urbanladder.runner.runner" name="runScenario" time="8.508"/>
  <testcase classname="com.urbanladder.runner.runner" name="runScenario" time="9.289"/>
  <testcase classname="com.urbanladder.runner.runner" name="runScenario" time="10.483"/>
  <testcase classname="com.urbanladder.runner.runner" name="runScenario" time="10.186"/>
  <testcase classname="com.urbanladder.runner.runner" name="runScenario" time="1.743"/>
</testsuite> <!-- Test -->
