<?xml version="1.0" encoding="UTF-8"?>
<testng-results total="10" passed="10" failed="0" skipped="0">
  <reporter-output>
  </reporter-output>
  <suite started-at="2021-09-27T12:32:53Z" name="Default suite" finished-at="2021-09-27T12:35:03Z" duration-ms="129919">
    <groups>
      <group name="cucumber">
        <method signature="AbstractTestNGCucumberTests.runScenario(io.cucumber.testng.PickleWrapper, io.cucumber.testng.FeatureWrapper)[pri:0, instance:com.urbanladder.runner.runner@72437d8d]" name="runScenario" class="io.cucumber.testng.AbstractTestNGCucumberTests"/>
      </group> <!-- cucumber -->
    </groups>
    <test started-at="2021-09-27T12:32:53Z" name="Default test" finished-at="2021-09-27T12:35:03Z" duration-ms="129919">
      <class name="com.urbanladder.runner.runner">
        <test-method is-config="true" signature="setUpClass()[pri:0, instance:com.urbanladder.runner.runner@72437d8d]" started-at="2021-09-27T18:02:53Z" name="setUpClass" finished-at="2021-09-27T18:02:54Z" duration-ms="459" status="PASS">
          <reporter-output>
          </reporter-output>
        </test-method> <!-- setUpClass -->
        <test-method signature="runScenario(io.cucumber.testng.PickleWrapper, io.cucumber.testng.FeatureWrapper)[pri:0, instance:com.urbanladder.runner.runner@72437d8d]" started-at="2021-09-27T18:02:54Z" name="runScenario" description="Runs Cucumber Scenarios" data-provider="scenarios" finished-at="2021-09-27T18:03:16Z" duration-ms="21940" status="PASS">
          <params>
            <param index="0">
              <value>
                <![CDATA["Home page default login"]]>
              </value>
            </param>
            <param index="1">
              <value>
                <![CDATA["Optional[Urban Ladder]"]]>
              </value>
            </param>
          </params>
          <reporter-output>
          </reporter-output>
        </test-method> <!-- runScenario -->
        <test-method signature="runScenario(io.cucumber.testng.PickleWrapper, io.cucumber.testng.FeatureWrapper)[pri:0, instance:com.urbanladder.runner.runner@72437d8d]" started-at="2021-09-27T18:03:16Z" name="runScenario" description="Runs Cucumber Scenarios" data-provider="scenarios" finished-at="2021-09-27T18:03:17Z" duration-ms="1968" status="PASS">
          <params>
            <param index="0">
              <value>
                <![CDATA["searching"]]>
              </value>
            </param>
            <param index="1">
              <value>
                <![CDATA["Optional[Urban Ladder]"]]>
              </value>
            </param>
          </params>
          <reporter-output>
          </reporter-output>
        </test-method> <!-- runScenario -->
        <test-method signature="runScenario(io.cucumber.testng.PickleWrapper, io.cucumber.testng.FeatureWrapper)[pri:0, instance:com.urbanladder.runner.runner@72437d8d]" started-at="2021-09-27T18:03:17Z" name="runScenario" description="Runs Cucumber Scenarios" data-provider="scenarios" finished-at="2021-09-27T18:03:34Z" duration-ms="16107" status="PASS">
          <params>
            <param index="0">
              <value>
                <![CDATA["sale"]]>
              </value>
            </param>
            <param index="1">
              <value>
                <![CDATA["Optional[Urban Ladder]"]]>
              </value>
            </param>
          </params>
          <reporter-output>
          </reporter-output>
        </test-method> <!-- runScenario -->
        <test-method signature="runScenario(io.cucumber.testng.PickleWrapper, io.cucumber.testng.FeatureWrapper)[pri:0, instance:com.urbanladder.runner.runner@72437d8d]" started-at="2021-09-27T18:03:34Z" name="runScenario" description="Runs Cucumber Scenarios" data-provider="scenarios" finished-at="2021-09-27T18:03:48Z" duration-ms="14814" status="PASS">
          <params>
            <param index="0">
              <value>
                <![CDATA["living"]]>
              </value>
            </param>
            <param index="1">
              <value>
                <![CDATA["Optional[Urban Ladder]"]]>
              </value>
            </param>
          </params>
          <reporter-output>
          </reporter-output>
        </test-method> <!-- runScenario -->
        <test-method signature="runScenario(io.cucumber.testng.PickleWrapper, io.cucumber.testng.FeatureWrapper)[pri:0, instance:com.urbanladder.runner.runner@72437d8d]" started-at="2021-09-27T18:03:48Z" name="runScenario" description="Runs Cucumber Scenarios" data-provider="scenarios" finished-at="2021-09-27T18:04:04Z" duration-ms="15430" status="PASS">
          <params>
            <param index="0">
              <value>
                <![CDATA["bedroom"]]>
              </value>
            </param>
            <param index="1">
              <value>
                <![CDATA["Optional[Urban Ladder]"]]>
              </value>
            </param>
          </params>
          <reporter-output>
          </reporter-output>
        </test-method> <!-- runScenario -->
        <test-method signature="runScenario(io.cucumber.testng.PickleWrapper, io.cucumber.testng.FeatureWrapper)[pri:0, instance:com.urbanladder.runner.runner@72437d8d]" started-at="2021-09-27T18:04:04Z" name="runScenario" description="Runs Cucumber Scenarios" data-provider="scenarios" finished-at="2021-09-27T18:04:21Z" duration-ms="17135" status="PASS">
          <params>
            <param index="0">
              <value>
                <![CDATA["storage"]]>
              </value>
            </param>
            <param index="1">
              <value>
                <![CDATA["Optional[Urban Ladder]"]]>
              </value>
            </param>
          </params>
          <reporter-output>
          </reporter-output>
        </test-method> <!-- runScenario -->
        <test-method signature="runScenario(io.cucumber.testng.PickleWrapper, io.cucumber.testng.FeatureWrapper)[pri:0, instance:com.urbanladder.runner.runner@72437d8d]" started-at="2021-09-27T18:04:21Z" name="runScenario" description="Runs Cucumber Scenarios" data-provider="scenarios" finished-at="2021-09-27T18:04:36Z" duration-ms="14565" status="PASS">
          <params>
            <param index="0">
              <value>
                <![CDATA["study"]]>
              </value>
            </param>
            <param index="1">
              <value>
                <![CDATA["Optional[Urban Ladder]"]]>
              </value>
            </param>
          </params>
          <reporter-output>
          </reporter-output>
        </test-method> <!-- runScenario -->
        <test-method signature="runScenario(io.cucumber.testng.PickleWrapper, io.cucumber.testng.FeatureWrapper)[pri:0, instance:com.urbanladder.runner.runner@72437d8d]" started-at="2021-09-27T18:04:36Z" name="runScenario" description="Runs Cucumber Scenarios" data-provider="scenarios" finished-at="2021-09-27T18:04:50Z" duration-ms="14041" status="PASS">
          <params>
            <param index="0">
              <value>
                <![CDATA["kids room"]]>
              </value>
            </param>
            <param index="1">
              <value>
                <![CDATA["Optional[Urban Ladder]"]]>
              </value>
            </param>
          </params>
          <reporter-output>
          </reporter-output>
        </test-method> <!-- runScenario -->
        <test-method signature="runScenario(io.cucumber.testng.PickleWrapper, io.cucumber.testng.FeatureWrapper)[pri:0, instance:com.urbanladder.runner.runner@72437d8d]" started-at="2021-09-27T18:04:50Z" name="runScenario" description="Runs Cucumber Scenarios" data-provider="scenarios" finished-at="2021-09-27T18:05:01Z" duration-ms="11471" status="PASS">
          <params>
            <param index="0">
              <value>
                <![CDATA["gift cards"]]>
              </value>
            </param>
            <param index="1">
              <value>
                <![CDATA["Optional[Urban Ladder]"]]>
              </value>
            </param>
          </params>
          <reporter-output>
          </reporter-output>
        </test-method> <!-- runScenario -->
        <test-method signature="runScenario(io.cucumber.testng.PickleWrapper, io.cucumber.testng.FeatureWrapper)[pri:0, instance:com.urbanladder.runner.runner@72437d8d]" started-at="2021-09-27T18:05:01Z" name="runScenario" description="Runs Cucumber Scenarios" data-provider="scenarios" finished-at="2021-09-27T18:05:03Z" duration-ms="1935" status="PASS">
          <params>
            <param index="0">
              <value>
                <![CDATA["bulk orders"]]>
              </value>
            </param>
            <param index="1">
              <value>
                <![CDATA["Optional[Urban Ladder]"]]>
              </value>
            </param>
          </params>
          <reporter-output>
          </reporter-output>
        </test-method> <!-- runScenario -->
        <test-method is-config="true" signature="tearDownClass()[pri:0, instance:com.urbanladder.runner.runner@72437d8d]" started-at="2021-09-27T18:05:03Z" name="tearDownClass" finished-at="2021-09-27T18:05:03Z" duration-ms="14" status="PASS">
          <reporter-output>
          </reporter-output>
        </test-method> <!-- tearDownClass -->
      </class> <!-- com.urbanladder.runner.runner -->
    </test> <!-- Default test -->
  </suite> <!-- Default suite -->
</testng-results>
